\BOOKMARK [1][-]{section*.1}{\376\377\000W\000p\000r\000o\000w\000a\000d\000z\000e\000n\000i\000e}{}% 1
\BOOKMARK [2][-]{subsection*.2}{\376\377\000C\000e\000l\000\040\000p\000r\000a\000c\000y}{section*.1}% 2
\BOOKMARK [0][-]{section*.3}{\376\377\000C\000z\001\031\001\133\001\007\000\040\000I\000.\000\040\000A\000n\000a\000l\000i\000z\000a\000\040\000s\000t\000a\000n\000u\000\040\000w\000i\000e\000d\000z\000y\000\040\000i\000\040\000d\000o\000b\000\363\000r\000\040\000n\000a\000r\000z\001\031\000d\000z\000i}{}% 3
\BOOKMARK [1][-]{section.1}{\376\377\000I\000s\000t\000n\000i\000e\000j\001\005\000c\000e\000\040\000r\000o\000z\000w\000i\001\005\000z\000a\000n\000i\000a}{section*.3}% 4
\BOOKMARK [2][-]{subsection.1.1}{\376\377\000P\000r\000z\000e\000g\000l\001\005\000d\000\040\000u\000r\000z\001\005\000d\000z\000e\001\104\000\040\000o\000\040\000p\000o\000d\000o\000b\000n\000y\000m\000\040\000z\000a\000s\000t\000o\000s\000o\000w\000a\000n\000i\000u}{section.1}% 5
\BOOKMARK [2][-]{subsection.1.2}{\376\377\000W\000a\000d\000y\000\040\000i\000\040\000z\000a\000l\000e\000t\000y\000\040\000o\000b\000e\000c\000n\000y\000c\000h\000\040\000r\000o\000z\000w\000i\001\005\000z\000a\001\104}{section.1}% 6
\BOOKMARK [1][-]{section.2}{\376\377\000N\000o\000r\000m\000y\000\040\000i\000\040\000s\000t\000a\000n\000d\000a\000r\000d\000y\000\040\000t\000e\000c\000h\000n\000i\000c\000z\000n\000e}{section*.3}% 7
\BOOKMARK [2][-]{subsection.2.1}{\376\377\000W\000y\000m\000a\000g\000a\000n\000i\000a\000\040\000p\000r\000a\000w\000n\000e}{section.2}% 8
\BOOKMARK [2][-]{subsection.2.2}{\376\377\000S\000t\000a\000n\000d\000a\000r\000d\000y\000\040\000p\000r\000o\000j\000e\000k\000t\000o\000w\000e}{section.2}% 9
\BOOKMARK [1][-]{section.3}{\376\377\000O\000k\000r\000e\001\133\000l\000e\000n\000i\000e\000\040\000p\000r\000o\000b\000l\000e\000m\000u}{section*.3}% 10
\BOOKMARK [1][-]{section.4}{\376\377\000D\000o\000b\000\363\000r\000\040\000n\000a\000r\000z\001\031\000d\000z\000i}{section*.3}% 11
\BOOKMARK [2][-]{subsection.4.1}{\376\377\000P\000r\000o\000j\000e\000k\000t\000\040\0003\000D}{section.4}% 12
\BOOKMARK [2][-]{subsection.4.2}{\376\377\000S\000c\000h\000e\000m\000a\000t\000y\000\040\000e\000l\000e\000k\000t\000r\000y\000c\000z\000n\000e}{section.4}% 13
\BOOKMARK [2][-]{subsection.4.3}{\376\377\001\132\000r\000o\000d\000o\000w\000i\000s\000k\000o\000\040\000s\000y\000m\000u\000l\000a\000c\000y\000j\000n\000e}{section.4}% 14
\BOOKMARK [1][-]{section.5}{\376\377\000W\000y\000m\000a\000g\000a\000n\000i\000a\000\040\000f\000u\000n\000k\000c\000j\000o\000n\000a\000l\000n\000e\000\040\000i\000\040\000t\000e\000c\000h\000n\000i\000c\000z\000n\000e}{section*.3}% 15
\BOOKMARK [2][-]{subsection.5.1}{\376\377\000S\000p\000e\000c\000y\000f\000i\000k\000a\000c\000j\000a\000\040\000f\000u\000n\000k\000c\000j\000o\000n\000a\000l\000n\000a}{section.5}% 16
\BOOKMARK [2][-]{subsection.5.2}{\376\377\000O\000g\000r\000a\000n\000i\000c\000z\000e\000n\000i\000a\000\040\000t\000e\000c\000h\000n\000i\000c\000z\000n\000e}{section.5}% 17
\BOOKMARK [0][-]{section*.6}{\376\377\000C\000z\001\031\001\133\001\007\000\040\000I\000I\000.\000\040\000P\000r\000o\000j\000e\000k\000t\000\040\000i\000\040\000i\000m\000p\000l\000e\000m\000e\000n\000t\000a\000c\000j\000a}{}% 18
\BOOKMARK [1][-]{section.6}{\376\377\000K\000o\000n\000c\000e\000p\000c\000j\000a\000\040\000u\000r\000z\001\005\000d\000z\000e\000n\000i\000a}{section*.6}% 19
\BOOKMARK [2][-]{subsection.6.1}{\376\377\000S\000z\000k\000i\000c\000\040\000k\000o\000n\000c\000e\000p\000c\000y\000j\000n\000y}{section.6}% 20
\BOOKMARK [2][-]{subsection.6.2}{\376\377\000S\000c\000h\000e\000m\000a\000t\000\040\000b\000l\000o\000k\000o\000w\000y}{section.6}% 21
\BOOKMARK [1][-]{section.7}{\376\377\000D\000o\000b\000\363\000r\000\040\000t\000e\000c\000h\000n\000o\000l\000o\000g\000i\000i\000\040\000i\000\040\000k\000o\000m\000p\000o\000n\000e\000n\000t\000\363\000w}{section*.6}% 22
\BOOKMARK [2][-]{subsection.7.1}{\376\377\000K\000o\000m\000p\000o\000n\000e\000n\000t\000y\000\040\000m\000e\000c\000h\000a\000n\000i\000c\000z\000n\000e}{section.7}% 23
\BOOKMARK [3][-]{subsubsection.7.1.1}{\376\377\000U\000k\001\102\000a\000d\000y\000\040\000e\000l\000e\000k\000t\000r\000o\000n\000i\000c\000z\000n\000e}{subsection.7.1}% 24
\BOOKMARK [3][-]{subsubsection.7.1.2}{\376\377\000O\000p\000r\000o\000g\000r\000a\000m\000o\000w\000a\000n\000i\000e\000\040\000s\000t\000e\000r\000u\000j\001\005\000c\000e}{subsection.7.1}% 25
\BOOKMARK [1][-]{section.8}{\376\377\000S\000y\000m\000u\000l\000a\000c\000j\000e\000\040\000i\000\040\000a\000n\000a\000l\000i\000z\000y\000\040\000p\000r\000o\000j\000e\000k\000t\000o\000w\000e}{section*.6}% 26
\BOOKMARK [2][-]{subsection.8.1}{\376\377\000A\000n\000a\000l\000i\000z\000a\000\040\000w\000y\000t\000r\000z\000y\000m\000a\001\102\000o\001\133\000c\000i\000\040\000k\000o\000n\000s\000t\000r\000u\000k\000c\000j\000i}{section.8}% 27
\BOOKMARK [2][-]{subsection.8.2}{\376\377\000S\000y\000m\000u\000l\000a\000c\000j\000a\000\040\000u\000k\001\102\000a\000d\000u\000\040\000e\000l\000e\000k\000t\000r\000o\000n\000i\000c\000z\000n\000e\000g\000o}{section.8}% 28
\BOOKMARK [1][-]{section.9}{\376\377\000E\000t\000a\000p\000y\000\040\000r\000e\000a\000l\000i\000z\000a\000c\000j\000i}{section*.6}% 29
\BOOKMARK [2][-]{subsection.9.1}{\376\377\000M\000o\000n\000t\000a\001\174\000\040\000m\000e\000c\000h\000a\000n\000i\000c\000z\000n\000y}{section.9}% 30
\BOOKMARK [2][-]{subsection.9.2}{\376\377\000M\000o\000n\000t\000a\001\174\000\040\000e\000l\000e\000k\000t\000r\000o\000n\000i\000c\000z\000n\000y}{section.9}% 31
\BOOKMARK [2][-]{subsection.9.3}{\376\377\000I\000n\000t\000e\000g\000r\000a\000c\000j\000a\000\040\000s\000y\000s\000t\000e\000m\000u}{section.9}% 32
\BOOKMARK [1][-]{section.10}{\376\377\000D\000o\000k\000u\000m\000e\000n\000t\000a\000c\000j\000a\000\040\000t\000e\000c\000h\000n\000i\000c\000z\000n\000a}{section*.6}% 33
\BOOKMARK [0][-]{section*.7}{\376\377\000C\000z\001\031\001\133\001\007\000\040\000I\000I\000I\000.\000\040\000B\000a\000d\000a\000n\000i\000a\000\040\000i\000\040\000a\000n\000a\000l\000i\000z\000a\000\040\000p\000o\000w\000y\000k\000o\000n\000a\000w\000c\000z\000a}{}% 34
\BOOKMARK [1][-]{section.11}{\376\377\000M\000e\000t\000o\000d\000y\000k\000a\000\040\000t\000e\000s\000t\000o\000w\000a\000n\000i\000a}{section*.7}% 35
\BOOKMARK [2][-]{subsection.11.1}{\376\377\000T\000e\000s\000t\000y\000\040\000f\000u\000n\000k\000c\000j\000o\000n\000a\000l\000n\000e}{section.11}% 36
\BOOKMARK [2][-]{subsection.11.2}{\376\377\000T\000e\000s\000t\000y\000\040\000w\000y\000t\000r\000z\000y\000m\000a\001\102\000o\001\133\000c\000i\000o\000w\000e}{section.11}% 37
\BOOKMARK [2][-]{subsection.11.3}{\376\377\000T\000e\000s\000t\000y\000\040\000w\000y\000d\000a\000j\000n\000o\001\133\000c\000i\000o\000w\000e}{section.11}% 38
\BOOKMARK [1][-]{section.12}{\376\377\000W\000y\000n\000i\000k\000i\000\040\000t\000e\000s\000t\000\363\000w}{section*.7}% 39
\BOOKMARK [2][-]{subsection.12.1}{\376\377\000P\000o\000r\000\363\000w\000n\000a\000n\000i\000e\000\040\000w\000y\000n\000i\000k\000\363\000w\000\040\000z\000\040\000z\000a\001\102\000o\001\174\000e\000n\000i\000a\000m\000i}{section.12}% 40
\BOOKMARK [2][-]{subsection.12.2}{\376\377\000A\000n\000a\000l\000i\000z\000a\000\040\000b\001\102\001\031\000d\000\363\000w}{section.12}% 41
\BOOKMARK [1][-]{section.13}{\376\377\000A\000n\000a\000l\000i\000z\000a\000\040\000e\000k\000o\000n\000o\000m\000i\000c\000z\000n\000a}{section*.7}% 42
\BOOKMARK [2][-]{subsection.13.1}{\376\377\000K\000o\000s\000z\000t\000y\000\040\000m\000a\000t\000e\000r\000i\000a\001\102\000\363\000w\000\040\000i\000\040\000k\000o\000m\000p\000o\000n\000e\000n\000t\000\363\000w}{section.13}% 43
\BOOKMARK [2][-]{subsection.13.2}{\376\377\000K\000o\000s\000z\000t\000y\000\040\000p\000r\000o\000d\000u\000k\000c\000j\000i\000\040\000s\000e\000r\000y\000j\000n\000e\000j}{section.13}% 44
\BOOKMARK [2][-]{subsection.13.3}{\376\377\000P\000o\000r\000\363\000w\000n\000a\000n\000i\000e\000\040\000k\000o\000s\000z\000t\000\363\000w\000\040\000z\000\040\000a\000l\000t\000e\000r\000n\000a\000t\000y\000w\000a\000m\000i}{section.13}% 45
\BOOKMARK [1][-]{section.14}{\376\377\000P\000r\000o\000b\000l\000e\000m\000y\000\040\000n\000a\000p\000o\000t\000k\000a\000n\000e\000\040\000p\000o\000d\000c\000z\000a\000s\000\040\000b\000u\000d\000o\000w\000y\000\040\000i\000\040\000i\000c\000h\000\040\000r\000o\000z\000w\000i\001\005\000z\000a\000n\000i\000e}{section*.7}% 46
\BOOKMARK [1][-]{section*.8}{\376\377\000P\000o\000d\000s\000u\000m\000o\000w\000a\000n\000i\000e}{section*.7}% 47
\BOOKMARK [1][-]{section*.9}{\376\377\000B\000i\000b\000l\000i\000o\000g\000r\000a\000f\000i\000a}{section*.7}% 48
\BOOKMARK [1][-]{section*.10}{\376\377\000W\000y\000k\000a\000z\000\040\000s\000y\000m\000b\000o\000l\000i\000\040\000i\000\040\000s\000k\000r\000\363\000t\000\363\000w}{section*.7}% 49
\BOOKMARK [1][-]{section*.10}{\376\377\000S\000p\000i\000s\000\040\000r\000y\000s\000u\000n\000k\000\363\000w}{section*.7}% 50
\BOOKMARK [1][-]{section*.10}{\376\377\000S\000p\000i\000s\000\040\000t\000a\000b\000e\000l}{section*.7}% 51
\BOOKMARK [1][-]{section*.11}{\376\377\000S\000p\000i\000s\000\040\000z\000a\001\102\001\005\000c\000z\000n\000i\000k\000\363\000w}{section*.7}% 52
